2014-08-07 14:03:57 Debug: Array
(
    [method] => detail,line=86
)

2014-08-07 18:50:28 Debug: Array
(
    [method] => listall,line=22
)

2014-08-07 19:46:54 Debug: Array
(
    [method] => EventMastersController::edit,line=258
)

2014-08-07 20:04:39 Debug: Array
(
    [method] => EventMastersController::edit,line=258
)

2014-08-12 21:36:07 Debug: Notice (8): Undefined index: type in [C:\_Perso\Server\procure_chum\app\Plugin\Datamart\View\Csv\csv.ctp, line 4]
Trace:
include - APP\Plugin\Datamart\View\Csv\csv.ctp, line 4
View::_evaluate() - CORE\Cake\View\View.php, line 934
View::_render() - CORE\Cake\View\View.php, line 896
View::render() - CORE\Cake\View\View.php, line 465
Controller::render() - CORE\Cake\Controller\Controller.php, line 962
BrowserController::csv() - APP\Plugin\Datamart\Controller\BrowserController.php, line 480
ReflectionMethod::invokeArgs() - [internal], line ??
Controller::invokeAction() - CORE\Cake\Controller\Controller.php, line 498
Dispatcher::_invoke() - CORE\Cake\Routing\Dispatcher.php, line 185
Dispatcher::dispatch() - CORE\Cake\Routing\Dispatcher.php, line 160
[main] - APP\webroot\index.php, line 107

2014-08-13 18:20:03 Debug: Notice (8): Undefined index: type in [C:\_Perso\Server\procure_chum\app\Plugin\Datamart\View\Csv\csv.ctp, line 4]
Trace:
include - APP\Plugin\Datamart\View\Csv\csv.ctp, line 4
View::_evaluate() - CORE\Cake\View\View.php, line 934
View::_render() - CORE\Cake\View\View.php, line 896
View::render() - CORE\Cake\View\View.php, line 465
Controller::render() - CORE\Cake\Controller\Controller.php, line 962
BrowserController::csv() - APP\Plugin\Datamart\Controller\BrowserController.php, line 480
ReflectionMethod::invokeArgs() - [internal], line ??
Controller::invokeAction() - CORE\Cake\Controller\Controller.php, line 498
Dispatcher::_invoke() - CORE\Cake\Routing\Dispatcher.php, line 185
Dispatcher::dispatch() - CORE\Cake\Routing\Dispatcher.php, line 160
[main] - APP\webroot\index.php, line 107

2014-08-13 18:20:04 Debug: Notice (8): Undefined index: type in [C:\_Perso\Server\procure_chum\app\Plugin\Datamart\View\Csv\csv.ctp, line 4]
Trace:
include - APP\Plugin\Datamart\View\Csv\csv.ctp, line 4
View::_evaluate() - CORE\Cake\View\View.php, line 934
View::_render() - CORE\Cake\View\View.php, line 896
View::render() - CORE\Cake\View\View.php, line 465
Controller::render() - CORE\Cake\Controller\Controller.php, line 962
BrowserController::csv() - APP\Plugin\Datamart\Controller\BrowserController.php, line 480
ReflectionMethod::invokeArgs() - [internal], line ??
Controller::invokeAction() - CORE\Cake\Controller\Controller.php, line 498
Dispatcher::_invoke() - CORE\Cake\Routing\Dispatcher.php, line 185
Dispatcher::dispatch() - CORE\Cake\Routing\Dispatcher.php, line 160
[main] - APP\webroot\index.php, line 107

2014-08-13 18:20:05 Debug: Notice (8): Undefined index: type in [C:\_Perso\Server\procure_chum\app\Plugin\Datamart\View\Csv\csv.ctp, line 4]
Trace:
include - APP\Plugin\Datamart\View\Csv\csv.ctp, line 4
View::_evaluate() - CORE\Cake\View\View.php, line 934
View::_render() - CORE\Cake\View\View.php, line 896
View::render() - CORE\Cake\View\View.php, line 465
Controller::render() - CORE\Cake\Controller\Controller.php, line 962
BrowserController::csv() - APP\Plugin\Datamart\Controller\BrowserController.php, line 480
ReflectionMethod::invokeArgs() - [internal], line ??
Controller::invokeAction() - CORE\Cake\Controller\Controller.php, line 498
Dispatcher::_invoke() - CORE\Cake\Routing\Dispatcher.php, line 185
Dispatcher::dispatch() - CORE\Cake\Routing\Dispatcher.php, line 160
[main] - APP\webroot\index.php, line 107

2014-08-13 18:20:44 Debug: Notice (8): Undefined index: type in [C:\_Perso\Server\procure_chum\app\Plugin\Datamart\View\Csv\csv.ctp, line 4]
Trace:
include - APP\Plugin\Datamart\View\Csv\csv.ctp, line 4
View::_evaluate() - CORE\Cake\View\View.php, line 934
View::_render() - CORE\Cake\View\View.php, line 896
View::render() - CORE\Cake\View\View.php, line 465
Controller::render() - CORE\Cake\Controller\Controller.php, line 962
BrowserController::csv() - APP\Plugin\Datamart\Controller\BrowserController.php, line 480
ReflectionMethod::invokeArgs() - [internal], line ??
Controller::invokeAction() - CORE\Cake\Controller\Controller.php, line 498
Dispatcher::_invoke() - CORE\Cake\Routing\Dispatcher.php, line 185
Dispatcher::dispatch() - CORE\Cake\Routing\Dispatcher.php, line 160
[main] - APP\webroot\index.php, line 107

2014-08-13 18:20:46 Debug: Notice (8): Undefined index: type in [C:\_Perso\Server\procure_chum\app\Plugin\Datamart\View\Csv\csv.ctp, line 4]
Trace:
include - APP\Plugin\Datamart\View\Csv\csv.ctp, line 4
View::_evaluate() - CORE\Cake\View\View.php, line 934
View::_render() - CORE\Cake\View\View.php, line 896
View::render() - CORE\Cake\View\View.php, line 465
Controller::render() - CORE\Cake\Controller\Controller.php, line 962
BrowserController::csv() - APP\Plugin\Datamart\Controller\BrowserController.php, line 480
ReflectionMethod::invokeArgs() - [internal], line ??
Controller::invokeAction() - CORE\Cake\Controller\Controller.php, line 498
Dispatcher::_invoke() - CORE\Cake\Routing\Dispatcher.php, line 185
Dispatcher::dispatch() - CORE\Cake\Routing\Dispatcher.php, line 160
[main] - APP\webroot\index.php, line 107

2014-08-13 18:20:47 Debug: Notice (8): Undefined index: type in [C:\_Perso\Server\procure_chum\app\Plugin\Datamart\View\Csv\csv.ctp, line 4]
Trace:
include - APP\Plugin\Datamart\View\Csv\csv.ctp, line 4
View::_evaluate() - CORE\Cake\View\View.php, line 934
View::_render() - CORE\Cake\View\View.php, line 896
View::render() - CORE\Cake\View\View.php, line 465
Controller::render() - CORE\Cake\Controller\Controller.php, line 962
BrowserController::csv() - APP\Plugin\Datamart\Controller\BrowserController.php, line 480
ReflectionMethod::invokeArgs() - [internal], line ??
Controller::invokeAction() - CORE\Cake\Controller\Controller.php, line 498
Dispatcher::_invoke() - CORE\Cake\Routing\Dispatcher.php, line 185
Dispatcher::dispatch() - CORE\Cake\Routing\Dispatcher.php, line 160
[main] - APP\webroot\index.php, line 107

2014-08-15 15:33:02 Debug: Array
(
    [method] => EventMastersController::detail,line=82
)

2014-08-15 15:54:18 Debug: Notice (8): Undefined index: type in [C:\_Perso\Server\procure_chum\app\Plugin\Datamart\View\Csv\csv.ctp, line 4]
Trace:
include - APP\Plugin\Datamart\View\Csv\csv.ctp, line 4
View::_evaluate() - CORE\Cake\View\View.php, line 934
View::_render() - CORE\Cake\View\View.php, line 896
View::render() - CORE\Cake\View\View.php, line 465
Controller::render() - CORE\Cake\Controller\Controller.php, line 962
BrowserController::csv() - APP\Plugin\Datamart\Controller\BrowserController.php, line 480
ReflectionMethod::invokeArgs() - [internal], line ??
Controller::invokeAction() - CORE\Cake\Controller\Controller.php, line 498
Dispatcher::_invoke() - CORE\Cake\Routing\Dispatcher.php, line 185
Dispatcher::dispatch() - CORE\Cake\Routing\Dispatcher.php, line 160
[main] - APP\webroot\index.php, line 107

2014-08-15 15:54:20 Debug: Notice (8): Undefined index: type in [C:\_Perso\Server\procure_chum\app\Plugin\Datamart\View\Csv\csv.ctp, line 4]
Trace:
include - APP\Plugin\Datamart\View\Csv\csv.ctp, line 4
View::_evaluate() - CORE\Cake\View\View.php, line 934
View::_render() - CORE\Cake\View\View.php, line 896
View::render() - CORE\Cake\View\View.php, line 465
Controller::render() - CORE\Cake\Controller\Controller.php, line 962
BrowserController::csv() - APP\Plugin\Datamart\Controller\BrowserController.php, line 480
ReflectionMethod::invokeArgs() - [internal], line ??
Controller::invokeAction() - CORE\Cake\Controller\Controller.php, line 498
Dispatcher::_invoke() - CORE\Cake\Routing\Dispatcher.php, line 185
Dispatcher::dispatch() - CORE\Cake\Routing\Dispatcher.php, line 160
[main] - APP\webroot\index.php, line 107

2014-08-15 15:54:21 Debug: Notice (8): Undefined index: type in [C:\_Perso\Server\procure_chum\app\Plugin\Datamart\View\Csv\csv.ctp, line 4]
Trace:
include - APP\Plugin\Datamart\View\Csv\csv.ctp, line 4
View::_evaluate() - CORE\Cake\View\View.php, line 934
View::_render() - CORE\Cake\View\View.php, line 896
View::render() - CORE\Cake\View\View.php, line 465
Controller::render() - CORE\Cake\Controller\Controller.php, line 962
BrowserController::csv() - APP\Plugin\Datamart\Controller\BrowserController.php, line 480
ReflectionMethod::invokeArgs() - [internal], line ??
Controller::invokeAction() - CORE\Cake\Controller\Controller.php, line 498
Dispatcher::_invoke() - CORE\Cake\Routing\Dispatcher.php, line 185
Dispatcher::dispatch() - CORE\Cake\Routing\Dispatcher.php, line 160
[main] - APP\webroot\index.php, line 107

2014-08-19 17:39:31 Debug: Array
(
    [method] => EventMastersController::detail,line=82
)

2014-11-24 18:05:59 Debug: Array
(
    [method] => ClinicalCollectionLinksController::delete,line=354
)

2014-11-26 20:03:37 Debug: Array
(
    [method] => ReportsControllerCustom::procureDiagnosisAndTreatmentReports,line=81
)

2014-11-26 20:04:03 Debug: Array
(
    [method] => ReportsControllerCustom::procureDiagnosisAndTreatmentReports,line=81
)

2014-11-27 16:40:57 Debug: Array
(
    [method] => detail,line=86
)

2014-12-04 18:25:12 Debug: Array
(
    [method] => ParticipantCustom::validateFormIdentification,line=153
)

2014-12-08 18:42:48 Debug: Array
(
    [method] => TreatmentMasterCustom::beforeValidate,line=34
)

